<?xml version="1.0" encoding="UTF-8"?>
<testng-results ignored="1" total="2" passed="1" failed="0" skipped="0">
  <reporter-output>
  </reporter-output>
  <suite started-at="2024-07-26T10:03:22 IST" name="Default suite" finished-at="2024-07-26T10:03:22 IST" duration-ms="105">
    <groups>
    </groups>
    <test started-at="2024-07-26T10:03:22 IST" name="Default test" finished-at="2024-07-26T10:03:22 IST" duration-ms="105">
      <class name="test1">
        <test-method signature="StreamMap()[pri:0, instance:test1@64cd705f]" started-at="2024-07-26T10:03:22 IST" name="StreamMap" finished-at="2024-07-26T10:03:22 IST" duration-ms="30" status="PASS">
          <reporter-output>
          </reporter-output>
        </test-method> <!-- StreamMap -->
      </class> <!-- test1 -->
    </test> <!-- Default test -->
  </suite> <!-- Default suite -->
</testng-results>
